[2025-12-15T20:25:36.783+0000] {local_task_job_runner.py:123} INFO - ::group::Pre task execution logs
[2025-12-15T20:25:36.816+0000] {taskinstance.py:2612} INFO - Dependencies all met for dep_context=non-requeueable deps ti=<TaskInstance: weather_prediction_pipeline_v2.train_and_evaluate scheduled__2025-12-14T18:05:00+00:00 [queued]>
[2025-12-15T20:25:36.830+0000] {taskinstance.py:2612} INFO - Dependencies all met for dep_context=requeueable deps ti=<TaskInstance: weather_prediction_pipeline_v2.train_and_evaluate scheduled__2025-12-14T18:05:00+00:00 [queued]>
[2025-12-15T20:25:36.832+0000] {taskinstance.py:2865} INFO - Starting attempt 2 of 4
[2025-12-15T20:25:36.851+0000] {taskinstance.py:2888} INFO - Executing <Task(PythonOperator): train_and_evaluate> on 2025-12-14 18:05:00+00:00
[2025-12-15T20:25:36.862+0000] {standard_task_runner.py:72} INFO - Started process 16955 to run task
[2025-12-15T20:25:36.866+0000] {standard_task_runner.py:104} INFO - Running: ['***', 'tasks', 'run', 'weather_prediction_pipeline_v2', 'train_and_evaluate', 'scheduled__2025-12-14T18:05:00+00:00', '--job-id', '68', '--raw', '--subdir', 'DAGS_FOLDER/test_etl.py', '--cfg-path', '/tmp/tmp9k6ns938']
[2025-12-15T20:25:36.870+0000] {standard_task_runner.py:105} INFO - Job 68: Subtask train_and_evaluate
[2025-12-15T20:25:36.895+0000] {logging_mixin.py:190} WARNING - /home/***/.local/lib/python3.10/site-packages/***/settings.py:209 DeprecationWarning: The sql_alchemy_conn option in [core] has been moved to the sql_alchemy_conn option in [database] - the old setting has been used, but please update your config.
[2025-12-15T20:25:36.963+0000] {task_command.py:467} INFO - Running <TaskInstance: weather_prediction_pipeline_v2.train_and_evaluate scheduled__2025-12-14T18:05:00+00:00 [running]> on host 89522446c9a4
[2025-12-15T20:25:36.965+0000] {logging_mixin.py:190} WARNING - /home/***/.local/lib/python3.10/site-packages/***/settings.py:470 DeprecationWarning: The sql_alchemy_conn option in [core] has been moved to the sql_alchemy_conn option in [database] - the old setting has been used, but please update your config.
[2025-12-15T20:25:37.089+0000] {taskinstance.py:3131} INFO - Exporting env vars: AIRFLOW_CTX_DAG_OWNER='ahmed_sami' AIRFLOW_CTX_DAG_ID='weather_prediction_pipeline_v2' AIRFLOW_CTX_TASK_ID='train_and_evaluate' AIRFLOW_CTX_EXECUTION_DATE='2025-12-14T18:05:00+00:00' AIRFLOW_CTX_TRY_NUMBER='2' AIRFLOW_CTX_DAG_RUN_ID='scheduled__2025-12-14T18:05:00+00:00'
[2025-12-15T20:25:37.091+0000] {taskinstance.py:731} INFO - ::endgroup::
[2025-12-15T20:25:37.123+0000] {logging_mixin.py:190} INFO - ======================================================================
[2025-12-15T20:25:37.124+0000] {logging_mixin.py:190} INFO -                     DAY 1: TRAINING XGBOOST MODEL
[2025-12-15T20:25:37.125+0000] {logging_mixin.py:190} INFO - ======================================================================
[2025-12-15T20:25:38.269+0000] {logging_mixin.py:190} INFO - ðŸŽ¯ Total Features: 24
[2025-12-15T20:25:38.368+0000] {logging_mixin.py:190} INFO - ðŸ“Š Train: 118,179 | Test: 29,565
[2025-12-15T20:25:38.369+0000] {logging_mixin.py:190} INFO - 
ðŸ¤– Training XGBoost...
[2025-12-15T20:26:38.252+0000] {local_task_job_runner.py:346} WARNING - State of this instance has been externally set to None. Terminating instance.
[2025-12-15T20:26:38.264+0000] {local_task_job_runner.py:245} INFO - ::endgroup::
[2025-12-15T20:26:38.272+0000] {process_utils.py:132} INFO - Sending 15 to group 16955. PIDs of all processes in the group: [16955]
[2025-12-15T20:26:38.283+0000] {process_utils.py:87} INFO - Sending the signal 15 to group 16955
[2025-12-15T20:26:38.476+0000] {taskinstance.py:3092} ERROR - Received SIGTERM. Terminating subprocesses.
[2025-12-15T20:26:38.514+0000] {taskinstance.py:3310} ERROR - Task failed with exception
Traceback (most recent call last):
  File "/home/airflow/.local/lib/python3.10/site-packages/airflow/models/taskinstance.py", line 767, in _execute_task
    result = _execute_callable(context=context, **execute_callable_kwargs)
  File "/home/airflow/.local/lib/python3.10/site-packages/airflow/models/taskinstance.py", line 733, in _execute_callable
    return ExecutionCallableRunner(
  File "/home/airflow/.local/lib/python3.10/site-packages/airflow/utils/operator_helpers.py", line 252, in run
    return self.func(*args, **kwargs)
  File "/home/airflow/.local/lib/python3.10/site-packages/airflow/models/baseoperator.py", line 406, in wrapper
    return func(self, *args, **kwargs)
  File "/home/airflow/.local/lib/python3.10/site-packages/airflow/operators/python.py", line 238, in execute
    return_value = self.execute_callable()
  File "/home/airflow/.local/lib/python3.10/site-packages/airflow/operators/python.py", line 256, in execute_callable
    return runner.run(*self.op_args, **self.op_kwargs)
  File "/home/airflow/.local/lib/python3.10/site-packages/airflow/utils/operator_helpers.py", line 252, in run
    return self.func(*args, **kwargs)
  File "/opt/airflow/dags/test_etl.py", line 1511, in train_and_evaluate
    xgb_model.fit(X_train, y_train, eval_set=[(X_test, y_test)], verbose=False)
  File "/home/airflow/.local/lib/python3.10/site-packages/xgboost/core.py", line 575, in inner_f
    return f(**kwargs)
  File "/home/airflow/.local/lib/python3.10/site-packages/xgboost/sklearn.py", line 961, in fit
    self._Booster = train(
  File "/home/airflow/.local/lib/python3.10/site-packages/xgboost/core.py", line 575, in inner_f
    return f(**kwargs)
  File "/home/airflow/.local/lib/python3.10/site-packages/xgboost/training.py", line 181, in train
    bst.update(dtrain, i, obj)
  File "/home/airflow/.local/lib/python3.10/site-packages/xgboost/core.py", line 1778, in update
    _check_call(_LIB.XGBoosterUpdateOneIter(self.handle,
  File "/home/airflow/.local/lib/python3.10/site-packages/airflow/models/taskinstance.py", line 3094, in signal_handler
    raise AirflowTaskTerminated("Task received SIGTERM signal")
airflow.exceptions.AirflowTaskTerminated: Task received SIGTERM signal
[2025-12-15T20:26:38.533+0000] {taskinstance.py:1225} INFO - Marking task as UP_FOR_RETRY. dag_id=weather_prediction_pipeline_v2, task_id=train_and_evaluate, run_id=scheduled__2025-12-14T18:05:00+00:00, execution_date=20251214T180500, start_date=20251215T202536, end_date=20251215T202638
[2025-12-15T20:26:38.561+0000] {taskinstance.py:340} INFO - ::group::Post task execution logs
[2025-12-15T20:26:38.563+0000] {standard_task_runner.py:124} ERROR - Failed to execute job 68 for task train_and_evaluate ((psycopg2.errors.ForeignKeyViolation) insert or update on table "task_fail" violates foreign key constraint "task_fail_ti_fkey"
DETAIL:  Key (dag_id, task_id, run_id, map_index)=(weather_prediction_pipeline_v2, train_and_evaluate, scheduled__2025-12-14T18:05:00+00:00, -1) is not present in table "task_instance".

[SQL: INSERT INTO task_fail (task_id, dag_id, run_id, map_index, start_date, end_date, duration) VALUES (%(task_id)s, %(dag_id)s, %(run_id)s, %(map_index)s, %(start_date)s, %(end_date)s, %(duration)s) RETURNING task_fail.id]
[parameters: {'task_id': 'train_and_evaluate', 'dag_id': 'weather_prediction_pipeline_v2', 'run_id': 'scheduled__2025-12-14T18:05:00+00:00', 'map_index': -1, 'start_date': datetime.datetime(2025, 12, 15, 20, 25, 36, 817758, tzinfo=Timezone('UTC')), 'end_date': datetime.datetime(2025, 12, 15, 20, 26, 38, 531334, tzinfo=Timezone('UTC')), 'duration': 61}]
(Background on this error at: https://sqlalche.me/e/14/gkpj); 16955)
Traceback (most recent call last):
  File "/home/airflow/.local/lib/python3.10/site-packages/airflow/models/taskinstance.py", line 273, in _run_raw_task
    TaskInstance._execute_task_with_callbacks(
  File "/home/airflow/.local/lib/python3.10/site-packages/airflow/models/taskinstance.py", line 3158, in _execute_task_with_callbacks
    result = self._execute_task(context, task_orig)
  File "/home/airflow/.local/lib/python3.10/site-packages/airflow/models/taskinstance.py", line 3182, in _execute_task
    return _execute_task(self, context, task_orig)
  File "/home/airflow/.local/lib/python3.10/site-packages/airflow/models/taskinstance.py", line 767, in _execute_task
    result = _execute_callable(context=context, **execute_callable_kwargs)
  File "/home/airflow/.local/lib/python3.10/site-packages/airflow/models/taskinstance.py", line 733, in _execute_callable
    return ExecutionCallableRunner(
  File "/home/airflow/.local/lib/python3.10/site-packages/airflow/utils/operator_helpers.py", line 252, in run
    return self.func(*args, **kwargs)
  File "/home/airflow/.local/lib/python3.10/site-packages/airflow/models/baseoperator.py", line 406, in wrapper
    return func(self, *args, **kwargs)
  File "/home/airflow/.local/lib/python3.10/site-packages/airflow/operators/python.py", line 238, in execute
    return_value = self.execute_callable()
  File "/home/airflow/.local/lib/python3.10/site-packages/airflow/operators/python.py", line 256, in execute_callable
    return runner.run(*self.op_args, **self.op_kwargs)
  File "/home/airflow/.local/lib/python3.10/site-packages/airflow/utils/operator_helpers.py", line 252, in run
    return self.func(*args, **kwargs)
  File "/opt/airflow/dags/test_etl.py", line 1511, in train_and_evaluate
    xgb_model.fit(X_train, y_train, eval_set=[(X_test, y_test)], verbose=False)
  File "/home/airflow/.local/lib/python3.10/site-packages/xgboost/core.py", line 575, in inner_f
    return f(**kwargs)
  File "/home/airflow/.local/lib/python3.10/site-packages/xgboost/sklearn.py", line 961, in fit
    self._Booster = train(
  File "/home/airflow/.local/lib/python3.10/site-packages/xgboost/core.py", line 575, in inner_f
    return f(**kwargs)
  File "/home/airflow/.local/lib/python3.10/site-packages/xgboost/training.py", line 181, in train
    bst.update(dtrain, i, obj)
  File "/home/airflow/.local/lib/python3.10/site-packages/xgboost/core.py", line 1778, in update
    _check_call(_LIB.XGBoosterUpdateOneIter(self.handle,
  File "/home/airflow/.local/lib/python3.10/site-packages/airflow/models/taskinstance.py", line 3094, in signal_handler
    raise AirflowTaskTerminated("Task received SIGTERM signal")
airflow.exceptions.AirflowTaskTerminated: Task received SIGTERM signal

During handling of the above exception, another exception occurred:

Traceback (most recent call last):
  File "/home/airflow/.local/lib/python3.10/site-packages/sqlalchemy/engine/base.py", line 1910, in _execute_context
    self.dialect.do_execute(
  File "/home/airflow/.local/lib/python3.10/site-packages/sqlalchemy/engine/default.py", line 736, in do_execute
    cursor.execute(statement, parameters)
psycopg2.errors.ForeignKeyViolation: insert or update on table "task_fail" violates foreign key constraint "task_fail_ti_fkey"
DETAIL:  Key (dag_id, task_id, run_id, map_index)=(weather_prediction_pipeline_v2, train_and_evaluate, scheduled__2025-12-14T18:05:00+00:00, -1) is not present in table "task_instance".


The above exception was the direct cause of the following exception:

Traceback (most recent call last):
  File "/home/airflow/.local/lib/python3.10/site-packages/airflow/task/task_runner/standard_task_runner.py", line 117, in _start_by_fork
    ret = args.func(args, dag=self.dag)
  File "/home/airflow/.local/lib/python3.10/site-packages/airflow/cli/cli_config.py", line 49, in command
    return func(*args, **kwargs)
  File "/home/airflow/.local/lib/python3.10/site-packages/airflow/utils/cli.py", line 115, in wrapper
    return f(*args, **kwargs)
  File "/home/airflow/.local/lib/python3.10/site-packages/airflow/cli/commands/task_command.py", line 483, in task_run
    task_return_code = _run_task_by_selected_method(args, _dag, ti)
  File "/home/airflow/.local/lib/python3.10/site-packages/airflow/cli/commands/task_command.py", line 256, in _run_task_by_selected_method
    return _run_raw_task(args, ti)
  File "/home/airflow/.local/lib/python3.10/site-packages/airflow/cli/commands/task_command.py", line 341, in _run_raw_task
    return ti._run_raw_task(
  File "/home/airflow/.local/lib/python3.10/site-packages/airflow/utils/session.py", line 97, in wrapper
    return func(*args, session=session, **kwargs)
  File "/home/airflow/.local/lib/python3.10/site-packages/airflow/models/taskinstance.py", line 3004, in _run_raw_task
    return _run_raw_task(
  File "/home/airflow/.local/lib/python3.10/site-packages/airflow/models/taskinstance.py", line 327, in _run_raw_task
    ti.handle_failure(e, test_mode, context, session=session)
  File "/home/airflow/.local/lib/python3.10/site-packages/airflow/utils/session.py", line 94, in wrapper
    return func(*args, **kwargs)
  File "/home/airflow/.local/lib/python3.10/site-packages/airflow/models/taskinstance.py", line 3427, in handle_failure
    _handle_failure(
  File "/home/airflow/.local/lib/python3.10/site-packages/airflow/utils/session.py", line 94, in wrapper
    return func(*args, **kwargs)
  File "/home/airflow/.local/lib/python3.10/site-packages/airflow/api_internal/internal_api_call.py", line 139, in wrapper
    return func(*args, **kwargs)
  File "/home/airflow/.local/lib/python3.10/site-packages/airflow/models/taskinstance.py", line 1243, in _handle_failure
    TaskInstance.save_to_db(failure_context["ti"], session)
  File "/home/airflow/.local/lib/python3.10/site-packages/airflow/api_internal/internal_api_call.py", line 139, in wrapper
    return func(*args, **kwargs)
  File "/home/airflow/.local/lib/python3.10/site-packages/airflow/utils/session.py", line 94, in wrapper
    return func(*args, **kwargs)
  File "/home/airflow/.local/lib/python3.10/site-packages/airflow/models/taskinstance.py", line 3399, in save_to_db
    session.flush()
  File "/home/airflow/.local/lib/python3.10/site-packages/sqlalchemy/orm/session.py", line 3449, in flush
    self._flush(objects)
  File "/home/airflow/.local/lib/python3.10/site-packages/sqlalchemy/orm/session.py", line 3588, in _flush
    with util.safe_reraise():
  File "/home/airflow/.local/lib/python3.10/site-packages/sqlalchemy/util/langhelpers.py", line 70, in __exit__
    compat.raise_(
  File "/home/airflow/.local/lib/python3.10/site-packages/sqlalchemy/util/compat.py", line 211, in raise_
    raise exception
  File "/home/airflow/.local/lib/python3.10/site-packages/sqlalchemy/orm/session.py", line 3549, in _flush
    flush_context.execute()
  File "/home/airflow/.local/lib/python3.10/site-packages/sqlalchemy/orm/unitofwork.py", line 456, in execute
    rec.execute(self)
  File "/home/airflow/.local/lib/python3.10/site-packages/sqlalchemy/orm/unitofwork.py", line 630, in execute
    util.preloaded.orm_persistence.save_obj(
  File "/home/airflow/.local/lib/python3.10/site-packages/sqlalchemy/orm/persistence.py", line 245, in save_obj
    _emit_insert_statements(
  File "/home/airflow/.local/lib/python3.10/site-packages/sqlalchemy/orm/persistence.py", line 1238, in _emit_insert_statements
    result = connection._execute_20(
  File "/home/airflow/.local/lib/python3.10/site-packages/sqlalchemy/engine/base.py", line 1710, in _execute_20
    return meth(self, args_10style, kwargs_10style, execution_options)
  File "/home/airflow/.local/lib/python3.10/site-packages/sqlalchemy/sql/elements.py", line 334, in _execute_on_connection
    return connection._execute_clauseelement(
  File "/home/airflow/.local/lib/python3.10/site-packages/sqlalchemy/engine/base.py", line 1577, in _execute_clauseelement
    ret = self._execute_context(
  File "/home/airflow/.local/lib/python3.10/site-packages/sqlalchemy/engine/base.py", line 1953, in _execute_context
    self._handle_dbapi_exception(
  File "/home/airflow/.local/lib/python3.10/site-packages/sqlalchemy/engine/base.py", line 2134, in _handle_dbapi_exception
    util.raise_(
  File "/home/airflow/.local/lib/python3.10/site-packages/sqlalchemy/util/compat.py", line 211, in raise_
    raise exception
  File "/home/airflow/.local/lib/python3.10/site-packages/sqlalchemy/engine/base.py", line 1910, in _execute_context
    self.dialect.do_execute(
  File "/home/airflow/.local/lib/python3.10/site-packages/sqlalchemy/engine/default.py", line 736, in do_execute
    cursor.execute(statement, parameters)
sqlalchemy.exc.IntegrityError: (psycopg2.errors.ForeignKeyViolation) insert or update on table "task_fail" violates foreign key constraint "task_fail_ti_fkey"
DETAIL:  Key (dag_id, task_id, run_id, map_index)=(weather_prediction_pipeline_v2, train_and_evaluate, scheduled__2025-12-14T18:05:00+00:00, -1) is not present in table "task_instance".

[SQL: INSERT INTO task_fail (task_id, dag_id, run_id, map_index, start_date, end_date, duration) VALUES (%(task_id)s, %(dag_id)s, %(run_id)s, %(map_index)s, %(start_date)s, %(end_date)s, %(duration)s) RETURNING task_fail.id]
[parameters: {'task_id': 'train_and_evaluate', 'dag_id': 'weather_prediction_pipeline_v2', 'run_id': 'scheduled__2025-12-14T18:05:00+00:00', 'map_index': -1, 'start_date': datetime.datetime(2025, 12, 15, 20, 25, 36, 817758, tzinfo=Timezone('UTC')), 'end_date': datetime.datetime(2025, 12, 15, 20, 26, 38, 531334, tzinfo=Timezone('UTC')), 'duration': 61}]
(Background on this error at: https://sqlalche.me/e/14/gkpj)
[2025-12-15T20:26:38.631+0000] {process_utils.py:80} INFO - Process psutil.Process(pid=16955, status='terminated', exitcode=1, started='20:25:36') (16955) terminated with exit code 1
