[2025-12-15T20:26:11.573+0000] {local_task_job_runner.py:123} INFO - ::group::Pre task execution logs
[2025-12-15T20:26:11.651+0000] {taskinstance.py:2612} INFO - Dependencies all met for dep_context=non-requeueable deps ti=<TaskInstance: weather_actuals_pipeline_v2.fetch_end_of_day_actuals scheduled__2025-12-14T18:00:00+00:00 [queued]>
[2025-12-15T20:26:11.690+0000] {taskinstance.py:2612} INFO - Dependencies all met for dep_context=requeueable deps ti=<TaskInstance: weather_actuals_pipeline_v2.fetch_end_of_day_actuals scheduled__2025-12-14T18:00:00+00:00 [queued]>
[2025-12-15T20:26:11.695+0000] {taskinstance.py:2865} INFO - Starting attempt 1 of 3
[2025-12-15T20:26:11.744+0000] {taskinstance.py:2888} INFO - Executing <Task(PythonOperator): fetch_end_of_day_actuals> on 2025-12-14 18:00:00+00:00
[2025-12-15T20:26:11.773+0000] {standard_task_runner.py:72} INFO - Started process 17010 to run task
[2025-12-15T20:26:11.785+0000] {standard_task_runner.py:104} INFO - Running: ['***', 'tasks', 'run', 'weather_actuals_pipeline_v2', 'fetch_end_of_day_actuals', 'scheduled__2025-12-14T18:00:00+00:00', '--job-id', '69', '--raw', '--subdir', 'DAGS_FOLDER/test_etl.py', '--cfg-path', '/tmp/tmpktmb5rhh']
[2025-12-15T20:26:11.795+0000] {standard_task_runner.py:105} INFO - Job 69: Subtask fetch_end_of_day_actuals
[2025-12-15T20:26:11.857+0000] {logging_mixin.py:190} WARNING - /home/***/.local/lib/python3.10/site-packages/***/settings.py:209 DeprecationWarning: The sql_alchemy_conn option in [core] has been moved to the sql_alchemy_conn option in [database] - the old setting has been used, but please update your config.
[2025-12-15T20:26:12.028+0000] {task_command.py:467} INFO - Running <TaskInstance: weather_actuals_pipeline_v2.fetch_end_of_day_actuals scheduled__2025-12-14T18:00:00+00:00 [running]> on host 89522446c9a4
[2025-12-15T20:26:12.032+0000] {logging_mixin.py:190} WARNING - /home/***/.local/lib/python3.10/site-packages/***/settings.py:470 DeprecationWarning: The sql_alchemy_conn option in [core] has been moved to the sql_alchemy_conn option in [database] - the old setting has been used, but please update your config.
[2025-12-15T20:26:12.356+0000] {taskinstance.py:3131} INFO - Exporting env vars: AIRFLOW_CTX_DAG_OWNER='ahmed_sami' AIRFLOW_CTX_DAG_ID='weather_actuals_pipeline_v2' AIRFLOW_CTX_TASK_ID='fetch_end_of_day_actuals' AIRFLOW_CTX_EXECUTION_DATE='2025-12-14T18:00:00+00:00' AIRFLOW_CTX_TRY_NUMBER='1' AIRFLOW_CTX_DAG_RUN_ID='scheduled__2025-12-14T18:00:00+00:00'
[2025-12-15T20:26:12.366+0000] {taskinstance.py:731} INFO - ::endgroup::
[2025-12-15T20:26:12.425+0000] {logging_mixin.py:190} INFO - ======================================================================
[2025-12-15T20:26:12.427+0000] {logging_mixin.py:190} INFO -                FETCHING END-OF-DAY ACTUAL TEMPERATURES
[2025-12-15T20:26:12.429+0000] {logging_mixin.py:190} INFO - ======================================================================
[2025-12-15T20:26:12.433+0000] {logging_mixin.py:190} INFO - üìÖ Date: 2025-12-15
[2025-12-15T20:26:12.448+0000] {logging_mixin.py:190} INFO - ‚è∞ Time: 20:26:12
[2025-12-15T20:26:13.409+0000] {logging_mixin.py:190} INFO - üìç Cities to fetch: 27
[2025-12-15T20:26:14.662+0000] {logging_mixin.py:190} INFO - ‚úì Haifa: 13.4¬∞C
[2025-12-15T20:26:14.801+0000] {logging_mixin.py:190} INFO - ‚úì Giza: 16.4¬∞C
[2025-12-15T20:26:14.910+0000] {logging_mixin.py:190} INFO - ‚úì Adana: 10.0¬∞C
[2025-12-15T20:26:15.012+0000] {logging_mixin.py:190} INFO - ‚úì Alexandria: 16.0¬∞C
[2025-12-15T20:26:15.128+0000] {logging_mixin.py:190} INFO - ‚úì Gaziantep: 3.6¬∞C
[2025-12-15T20:26:15.234+0000] {logging_mixin.py:190} INFO - ‚úì Ankara: 3.5¬∞C
[2025-12-15T20:26:15.357+0000] {logging_mixin.py:190} INFO - ‚úì Antalya: 12.3¬∞C
[2025-12-15T20:26:15.491+0000] {logging_mixin.py:190} INFO - ‚úì Cairo: 16.4¬∞C
[2025-12-15T20:26:15.606+0000] {logging_mixin.py:190} INFO - ‚úì East Jerusalem: 10.0¬∞C
[2025-12-15T20:26:15.721+0000] {logging_mixin.py:190} INFO - ‚úì Aswan: 17.6¬∞C
[2025-12-15T20:26:15.826+0000] {logging_mixin.py:190} INFO - ‚úì Ismailia: 15.1¬∞C
[2025-12-15T20:26:15.937+0000] {logging_mixin.py:190} INFO - ‚úì Isfahan: 2.8¬∞C
[2025-12-15T20:26:16.046+0000] {logging_mixin.py:190} INFO - ‚úì Hurghada: 18.0¬∞C
[2025-12-15T20:26:16.157+0000] {logging_mixin.py:190} INFO - ‚úì Mashhad: 3.1¬∞C
[2025-12-15T20:26:16.259+0000] {logging_mixin.py:190} INFO - ‚úì Jerusalem: 9.8¬∞C
[2025-12-15T20:26:16.364+0000] {logging_mixin.py:190} INFO - ‚úì Izmir: 9.6¬∞C
[2025-12-15T20:26:16.470+0000] {logging_mixin.py:190} INFO - ‚úì Konya: 1.7¬∞C
[2025-12-15T20:26:16.579+0000] {logging_mixin.py:190} INFO - ‚úì Sharm El Sheikh: 19.1¬∞C
[2025-12-15T20:26:16.700+0000] {logging_mixin.py:190} INFO - ‚úì Shiraz: 4.7¬∞C
[2025-12-15T20:26:16.816+0000] {logging_mixin.py:190} INFO - ‚úì Tabriz: -0.3¬∞C
[2025-12-15T20:26:16.920+0000] {logging_mixin.py:190} INFO - ‚úì Qom: 7.7¬∞C
[2025-12-15T20:26:17.023+0000] {logging_mixin.py:190} INFO - ‚úì Tehran: 6.5¬∞C
[2025-12-15T20:26:17.125+0000] {logging_mixin.py:190} INFO - ‚úì Suez: 17.1¬∞C
[2025-12-15T20:26:17.231+0000] {logging_mixin.py:190} INFO - ‚úì Tel Aviv: 15.0¬∞C
[2025-12-15T20:26:17.348+0000] {logging_mixin.py:190} INFO - ‚úì Istanbul: 5.1¬∞C
[2025-12-15T20:26:17.452+0000] {logging_mixin.py:190} INFO - ‚úì Luxor: 18.0¬∞C
[2025-12-15T20:26:17.572+0000] {logging_mixin.py:190} INFO - ‚úì Port Said: 16.0¬∞C
[2025-12-15T20:26:17.692+0000] {logging_mixin.py:190} INFO - 
üíæ Storing 27 actuals to database...
[2025-12-15T20:26:17.844+0000] {base.py:84} INFO - Retrieving connection 'ml_con'
[2025-12-15T20:26:18.037+0000] {logging_mixin.py:190} INFO - üßπ Cleaning old data (keeping last 30 days)...
[2025-12-15T20:26:18.041+0000] {logging_mixin.py:190} INFO - 
======================================================================
[2025-12-15T20:26:18.043+0000] {logging_mixin.py:190} INFO - ‚úÖ Success: 27 cities
[2025-12-15T20:26:18.045+0000] {logging_mixin.py:190} INFO - ‚ùå Failed: 0 cities
[2025-12-15T20:26:18.048+0000] {logging_mixin.py:190} INFO - ======================================================================
[2025-12-15T20:26:18.117+0000] {taskinstance.py:3310} ERROR - Task failed with exception
Traceback (most recent call last):
  File "/home/airflow/.local/lib/python3.10/site-packages/airflow/models/taskinstance.py", line 767, in _execute_task
    result = _execute_callable(context=context, **execute_callable_kwargs)
  File "/home/airflow/.local/lib/python3.10/site-packages/airflow/models/taskinstance.py", line 733, in _execute_callable
    return ExecutionCallableRunner(
  File "/home/airflow/.local/lib/python3.10/site-packages/airflow/utils/operator_helpers.py", line 252, in run
    return self.func(*args, **kwargs)
  File "/home/airflow/.local/lib/python3.10/site-packages/airflow/models/baseoperator.py", line 406, in wrapper
    return func(self, *args, **kwargs)
  File "/home/airflow/.local/lib/python3.10/site-packages/airflow/operators/python.py", line 238, in execute
    return_value = self.execute_callable()
  File "/home/airflow/.local/lib/python3.10/site-packages/airflow/operators/python.py", line 256, in execute_callable
    return runner.run(*self.op_args, **self.op_kwargs)
  File "/home/airflow/.local/lib/python3.10/site-packages/airflow/utils/operator_helpers.py", line 252, in run
    return self.func(*args, **kwargs)
  File "/opt/airflow/dags/test_etl.py", line 2208, in fetch_end_of_day_actuals
    context["ti"].xcom_push(key="actuals_count", value=len(results))
  File "/home/airflow/.local/lib/python3.10/site-packages/airflow/utils/session.py", line 97, in wrapper
    return func(*args, session=session, **kwargs)
  File "/home/airflow/.local/lib/python3.10/site-packages/airflow/models/taskinstance.py", line 3638, in xcom_push
    XCom.set(
  File "/home/airflow/.local/lib/python3.10/site-packages/airflow/api_internal/internal_api_call.py", line 139, in wrapper
    return func(*args, **kwargs)
  File "/home/airflow/.local/lib/python3.10/site-packages/airflow/utils/session.py", line 94, in wrapper
    return func(*args, **kwargs)
  File "/home/airflow/.local/lib/python3.10/site-packages/airflow/models/xcom.py", line 226, in set
    raise ValueError(f"DAG run not found on DAG {dag_id!r} with ID {run_id!r}")
ValueError: DAG run not found on DAG 'weather_actuals_pipeline_v2' with ID 'scheduled__2025-12-14T18:00:00+00:00'
[2025-12-15T20:26:18.202+0000] {taskinstance.py:1225} INFO - Marking task as UP_FOR_RETRY. dag_id=weather_actuals_pipeline_v2, task_id=fetch_end_of_day_actuals, run_id=scheduled__2025-12-14T18:00:00+00:00, execution_date=20251214T180000, start_date=20251215T202611, end_date=20251215T202618
[2025-12-15T20:26:18.267+0000] {taskinstance.py:340} INFO - ::group::Post task execution logs
[2025-12-15T20:26:18.280+0000] {standard_task_runner.py:124} ERROR - Failed to execute job 69 for task fetch_end_of_day_actuals ((psycopg2.errors.ForeignKeyViolation) insert or update on table "task_fail" violates foreign key constraint "task_fail_ti_fkey"
DETAIL:  Key (dag_id, task_id, run_id, map_index)=(weather_actuals_pipeline_v2, fetch_end_of_day_actuals, scheduled__2025-12-14T18:00:00+00:00, -1) is not present in table "task_instance".

[SQL: INSERT INTO task_fail (task_id, dag_id, run_id, map_index, start_date, end_date, duration) VALUES (%(task_id)s, %(dag_id)s, %(run_id)s, %(map_index)s, %(start_date)s, %(end_date)s, %(duration)s) RETURNING task_fail.id]
[parameters: {'task_id': 'fetch_end_of_day_actuals', 'dag_id': 'weather_actuals_pipeline_v2', 'run_id': 'scheduled__2025-12-14T18:00:00+00:00', 'map_index': -1, 'start_date': datetime.datetime(2025, 12, 15, 20, 26, 11, 665710, tzinfo=Timezone('UTC')), 'end_date': datetime.datetime(2025, 12, 15, 20, 26, 18, 201314, tzinfo=Timezone('UTC')), 'duration': 6}]
(Background on this error at: https://sqlalche.me/e/14/gkpj); 17010)
Traceback (most recent call last):
  File "/home/airflow/.local/lib/python3.10/site-packages/airflow/models/taskinstance.py", line 273, in _run_raw_task
    TaskInstance._execute_task_with_callbacks(
  File "/home/airflow/.local/lib/python3.10/site-packages/airflow/models/taskinstance.py", line 3158, in _execute_task_with_callbacks
    result = self._execute_task(context, task_orig)
  File "/home/airflow/.local/lib/python3.10/site-packages/airflow/models/taskinstance.py", line 3182, in _execute_task
    return _execute_task(self, context, task_orig)
  File "/home/airflow/.local/lib/python3.10/site-packages/airflow/models/taskinstance.py", line 767, in _execute_task
    result = _execute_callable(context=context, **execute_callable_kwargs)
  File "/home/airflow/.local/lib/python3.10/site-packages/airflow/models/taskinstance.py", line 733, in _execute_callable
    return ExecutionCallableRunner(
  File "/home/airflow/.local/lib/python3.10/site-packages/airflow/utils/operator_helpers.py", line 252, in run
    return self.func(*args, **kwargs)
  File "/home/airflow/.local/lib/python3.10/site-packages/airflow/models/baseoperator.py", line 406, in wrapper
    return func(self, *args, **kwargs)
  File "/home/airflow/.local/lib/python3.10/site-packages/airflow/operators/python.py", line 238, in execute
    return_value = self.execute_callable()
  File "/home/airflow/.local/lib/python3.10/site-packages/airflow/operators/python.py", line 256, in execute_callable
    return runner.run(*self.op_args, **self.op_kwargs)
  File "/home/airflow/.local/lib/python3.10/site-packages/airflow/utils/operator_helpers.py", line 252, in run
    return self.func(*args, **kwargs)
  File "/opt/airflow/dags/test_etl.py", line 2208, in fetch_end_of_day_actuals
    context["ti"].xcom_push(key="actuals_count", value=len(results))
  File "/home/airflow/.local/lib/python3.10/site-packages/airflow/utils/session.py", line 97, in wrapper
    return func(*args, session=session, **kwargs)
  File "/home/airflow/.local/lib/python3.10/site-packages/airflow/models/taskinstance.py", line 3638, in xcom_push
    XCom.set(
  File "/home/airflow/.local/lib/python3.10/site-packages/airflow/api_internal/internal_api_call.py", line 139, in wrapper
    return func(*args, **kwargs)
  File "/home/airflow/.local/lib/python3.10/site-packages/airflow/utils/session.py", line 94, in wrapper
    return func(*args, **kwargs)
  File "/home/airflow/.local/lib/python3.10/site-packages/airflow/models/xcom.py", line 226, in set
    raise ValueError(f"DAG run not found on DAG {dag_id!r} with ID {run_id!r}")
ValueError: DAG run not found on DAG 'weather_actuals_pipeline_v2' with ID 'scheduled__2025-12-14T18:00:00+00:00'

During handling of the above exception, another exception occurred:

Traceback (most recent call last):
  File "/home/airflow/.local/lib/python3.10/site-packages/sqlalchemy/engine/base.py", line 1910, in _execute_context
    self.dialect.do_execute(
  File "/home/airflow/.local/lib/python3.10/site-packages/sqlalchemy/engine/default.py", line 736, in do_execute
    cursor.execute(statement, parameters)
psycopg2.errors.ForeignKeyViolation: insert or update on table "task_fail" violates foreign key constraint "task_fail_ti_fkey"
DETAIL:  Key (dag_id, task_id, run_id, map_index)=(weather_actuals_pipeline_v2, fetch_end_of_day_actuals, scheduled__2025-12-14T18:00:00+00:00, -1) is not present in table "task_instance".


The above exception was the direct cause of the following exception:

Traceback (most recent call last):
  File "/home/airflow/.local/lib/python3.10/site-packages/airflow/task/task_runner/standard_task_runner.py", line 117, in _start_by_fork
    ret = args.func(args, dag=self.dag)
  File "/home/airflow/.local/lib/python3.10/site-packages/airflow/cli/cli_config.py", line 49, in command
    return func(*args, **kwargs)
  File "/home/airflow/.local/lib/python3.10/site-packages/airflow/utils/cli.py", line 115, in wrapper
    return f(*args, **kwargs)
  File "/home/airflow/.local/lib/python3.10/site-packages/airflow/cli/commands/task_command.py", line 483, in task_run
    task_return_code = _run_task_by_selected_method(args, _dag, ti)
  File "/home/airflow/.local/lib/python3.10/site-packages/airflow/cli/commands/task_command.py", line 256, in _run_task_by_selected_method
    return _run_raw_task(args, ti)
  File "/home/airflow/.local/lib/python3.10/site-packages/airflow/cli/commands/task_command.py", line 341, in _run_raw_task
    return ti._run_raw_task(
  File "/home/airflow/.local/lib/python3.10/site-packages/airflow/utils/session.py", line 97, in wrapper
    return func(*args, session=session, **kwargs)
  File "/home/airflow/.local/lib/python3.10/site-packages/airflow/models/taskinstance.py", line 3004, in _run_raw_task
    return _run_raw_task(
  File "/home/airflow/.local/lib/python3.10/site-packages/airflow/models/taskinstance.py", line 336, in _run_raw_task
    ti.handle_failure(e, test_mode, context, session=session)
  File "/home/airflow/.local/lib/python3.10/site-packages/airflow/utils/session.py", line 94, in wrapper
    return func(*args, **kwargs)
  File "/home/airflow/.local/lib/python3.10/site-packages/airflow/models/taskinstance.py", line 3427, in handle_failure
    _handle_failure(
  File "/home/airflow/.local/lib/python3.10/site-packages/airflow/utils/session.py", line 94, in wrapper
    return func(*args, **kwargs)
  File "/home/airflow/.local/lib/python3.10/site-packages/airflow/api_internal/internal_api_call.py", line 139, in wrapper
    return func(*args, **kwargs)
  File "/home/airflow/.local/lib/python3.10/site-packages/airflow/models/taskinstance.py", line 1243, in _handle_failure
    TaskInstance.save_to_db(failure_context["ti"], session)
  File "/home/airflow/.local/lib/python3.10/site-packages/airflow/api_internal/internal_api_call.py", line 139, in wrapper
    return func(*args, **kwargs)
  File "/home/airflow/.local/lib/python3.10/site-packages/airflow/utils/session.py", line 94, in wrapper
    return func(*args, **kwargs)
  File "/home/airflow/.local/lib/python3.10/site-packages/airflow/models/taskinstance.py", line 3399, in save_to_db
    session.flush()
  File "/home/airflow/.local/lib/python3.10/site-packages/sqlalchemy/orm/session.py", line 3449, in flush
    self._flush(objects)
  File "/home/airflow/.local/lib/python3.10/site-packages/sqlalchemy/orm/session.py", line 3588, in _flush
    with util.safe_reraise():
  File "/home/airflow/.local/lib/python3.10/site-packages/sqlalchemy/util/langhelpers.py", line 70, in __exit__
    compat.raise_(
  File "/home/airflow/.local/lib/python3.10/site-packages/sqlalchemy/util/compat.py", line 211, in raise_
    raise exception
  File "/home/airflow/.local/lib/python3.10/site-packages/sqlalchemy/orm/session.py", line 3549, in _flush
    flush_context.execute()
  File "/home/airflow/.local/lib/python3.10/site-packages/sqlalchemy/orm/unitofwork.py", line 456, in execute
    rec.execute(self)
  File "/home/airflow/.local/lib/python3.10/site-packages/sqlalchemy/orm/unitofwork.py", line 630, in execute
    util.preloaded.orm_persistence.save_obj(
  File "/home/airflow/.local/lib/python3.10/site-packages/sqlalchemy/orm/persistence.py", line 245, in save_obj
    _emit_insert_statements(
  File "/home/airflow/.local/lib/python3.10/site-packages/sqlalchemy/orm/persistence.py", line 1238, in _emit_insert_statements
    result = connection._execute_20(
  File "/home/airflow/.local/lib/python3.10/site-packages/sqlalchemy/engine/base.py", line 1710, in _execute_20
    return meth(self, args_10style, kwargs_10style, execution_options)
  File "/home/airflow/.local/lib/python3.10/site-packages/sqlalchemy/sql/elements.py", line 334, in _execute_on_connection
    return connection._execute_clauseelement(
  File "/home/airflow/.local/lib/python3.10/site-packages/sqlalchemy/engine/base.py", line 1577, in _execute_clauseelement
    ret = self._execute_context(
  File "/home/airflow/.local/lib/python3.10/site-packages/sqlalchemy/engine/base.py", line 1953, in _execute_context
    self._handle_dbapi_exception(
  File "/home/airflow/.local/lib/python3.10/site-packages/sqlalchemy/engine/base.py", line 2134, in _handle_dbapi_exception
    util.raise_(
  File "/home/airflow/.local/lib/python3.10/site-packages/sqlalchemy/util/compat.py", line 211, in raise_
    raise exception
  File "/home/airflow/.local/lib/python3.10/site-packages/sqlalchemy/engine/base.py", line 1910, in _execute_context
    self.dialect.do_execute(
  File "/home/airflow/.local/lib/python3.10/site-packages/sqlalchemy/engine/default.py", line 736, in do_execute
    cursor.execute(statement, parameters)
sqlalchemy.exc.IntegrityError: (psycopg2.errors.ForeignKeyViolation) insert or update on table "task_fail" violates foreign key constraint "task_fail_ti_fkey"
DETAIL:  Key (dag_id, task_id, run_id, map_index)=(weather_actuals_pipeline_v2, fetch_end_of_day_actuals, scheduled__2025-12-14T18:00:00+00:00, -1) is not present in table "task_instance".

[SQL: INSERT INTO task_fail (task_id, dag_id, run_id, map_index, start_date, end_date, duration) VALUES (%(task_id)s, %(dag_id)s, %(run_id)s, %(map_index)s, %(start_date)s, %(end_date)s, %(duration)s) RETURNING task_fail.id]
[parameters: {'task_id': 'fetch_end_of_day_actuals', 'dag_id': 'weather_actuals_pipeline_v2', 'run_id': 'scheduled__2025-12-14T18:00:00+00:00', 'map_index': -1, 'start_date': datetime.datetime(2025, 12, 15, 20, 26, 11, 665710, tzinfo=Timezone('UTC')), 'end_date': datetime.datetime(2025, 12, 15, 20, 26, 18, 201314, tzinfo=Timezone('UTC')), 'duration': 6}]
(Background on this error at: https://sqlalche.me/e/14/gkpj)
[2025-12-15T20:26:18.383+0000] {local_task_job_runner.py:266} INFO - Task exited with return code 1
[2025-12-15T20:26:18.443+0000] {local_task_job_runner.py:245} INFO - ::endgroup::
[2025-12-15T20:27:03.645+0000] {local_task_job_runner.py:123} INFO - ::group::Pre task execution logs
[2025-12-15T20:27:03.689+0000] {taskinstance.py:2612} INFO - Dependencies all met for dep_context=non-requeueable deps ti=<TaskInstance: weather_actuals_pipeline_v2.fetch_end_of_day_actuals scheduled__2025-12-14T18:00:00+00:00 [queued]>
[2025-12-15T20:27:03.717+0000] {taskinstance.py:2612} INFO - Dependencies all met for dep_context=requeueable deps ti=<TaskInstance: weather_actuals_pipeline_v2.fetch_end_of_day_actuals scheduled__2025-12-14T18:00:00+00:00 [queued]>
[2025-12-15T20:27:03.719+0000] {taskinstance.py:2865} INFO - Starting attempt 1 of 3
[2025-12-15T20:27:03.747+0000] {taskinstance.py:2888} INFO - Executing <Task(PythonOperator): fetch_end_of_day_actuals> on 2025-12-14 18:00:00+00:00
[2025-12-15T20:27:03.762+0000] {standard_task_runner.py:72} INFO - Started process 17142 to run task
[2025-12-15T20:27:03.771+0000] {standard_task_runner.py:104} INFO - Running: ['***', 'tasks', 'run', 'weather_actuals_pipeline_v2', 'fetch_end_of_day_actuals', 'scheduled__2025-12-14T18:00:00+00:00', '--job-id', '73', '--raw', '--subdir', 'DAGS_FOLDER/test_etl.py', '--cfg-path', '/tmp/tmp0mhrbsy5']
[2025-12-15T20:27:03.778+0000] {standard_task_runner.py:105} INFO - Job 73: Subtask fetch_end_of_day_actuals
[2025-12-15T20:27:03.814+0000] {logging_mixin.py:190} WARNING - /home/***/.local/lib/python3.10/site-packages/***/settings.py:209 DeprecationWarning: The sql_alchemy_conn option in [core] has been moved to the sql_alchemy_conn option in [database] - the old setting has been used, but please update your config.
[2025-12-15T20:27:03.904+0000] {task_command.py:467} INFO - Running <TaskInstance: weather_actuals_pipeline_v2.fetch_end_of_day_actuals scheduled__2025-12-14T18:00:00+00:00 [running]> on host 89522446c9a4
[2025-12-15T20:27:03.906+0000] {logging_mixin.py:190} WARNING - /home/***/.local/lib/python3.10/site-packages/***/settings.py:470 DeprecationWarning: The sql_alchemy_conn option in [core] has been moved to the sql_alchemy_conn option in [database] - the old setting has been used, but please update your config.
[2025-12-15T20:27:04.071+0000] {taskinstance.py:3131} INFO - Exporting env vars: AIRFLOW_CTX_DAG_OWNER='ahmed_sami' AIRFLOW_CTX_DAG_ID='weather_actuals_pipeline_v2' AIRFLOW_CTX_TASK_ID='fetch_end_of_day_actuals' AIRFLOW_CTX_EXECUTION_DATE='2025-12-14T18:00:00+00:00' AIRFLOW_CTX_TRY_NUMBER='1' AIRFLOW_CTX_DAG_RUN_ID='scheduled__2025-12-14T18:00:00+00:00'
[2025-12-15T20:27:04.075+0000] {taskinstance.py:731} INFO - ::endgroup::
[2025-12-15T20:27:04.116+0000] {logging_mixin.py:190} INFO - ======================================================================
[2025-12-15T20:27:04.118+0000] {logging_mixin.py:190} INFO -                FETCHING END-OF-DAY ACTUAL TEMPERATURES
[2025-12-15T20:27:04.119+0000] {logging_mixin.py:190} INFO - ======================================================================
[2025-12-15T20:27:04.120+0000] {logging_mixin.py:190} INFO - üìÖ Date: 2025-12-15
[2025-12-15T20:27:04.121+0000] {logging_mixin.py:190} INFO - ‚è∞ Time: 20:27:04
[2025-12-15T20:27:04.391+0000] {logging_mixin.py:190} INFO - üìç Cities to fetch: 27
[2025-12-15T20:27:04.811+0000] {logging_mixin.py:190} INFO - ‚úì Alexandria: 16.0¬∞C
[2025-12-15T20:27:04.914+0000] {logging_mixin.py:190} INFO - ‚úì East Jerusalem: 10.0¬∞C
[2025-12-15T20:27:05.016+0000] {logging_mixin.py:190} INFO - ‚úì Cairo: 16.4¬∞C
[2025-12-15T20:27:05.118+0000] {logging_mixin.py:190} INFO - ‚úì Antalya: 12.3¬∞C
[2025-12-15T20:27:05.220+0000] {logging_mixin.py:190} INFO - ‚úì Ankara: 3.5¬∞C
[2025-12-15T20:27:05.322+0000] {logging_mixin.py:190} INFO - ‚úì Aswan: 17.6¬∞C
[2025-12-15T20:27:05.424+0000] {logging_mixin.py:190} INFO - ‚úì Adana: 10.0¬∞C
[2025-12-15T20:27:05.525+0000] {logging_mixin.py:190} INFO - ‚úì Giza: 16.4¬∞C
[2025-12-15T20:27:05.627+0000] {logging_mixin.py:190} INFO - ‚úì Gaziantep: 3.6¬∞C
[2025-12-15T20:27:05.729+0000] {logging_mixin.py:190} INFO - ‚úì Haifa: 13.4¬∞C
[2025-12-15T20:27:05.830+0000] {logging_mixin.py:190} INFO - ‚úì Isfahan: 2.8¬∞C
[2025-12-15T20:27:05.932+0000] {logging_mixin.py:190} INFO - ‚úì Ismailia: 15.1¬∞C
[2025-12-15T20:27:06.034+0000] {logging_mixin.py:190} INFO - ‚úì Hurghada: 18.0¬∞C
[2025-12-15T20:27:06.135+0000] {logging_mixin.py:190} INFO - ‚úì Luxor: 18.0¬∞C
[2025-12-15T20:27:06.237+0000] {logging_mixin.py:190} INFO - ‚úì Jerusalem: 9.8¬∞C
[2025-12-15T20:27:06.339+0000] {logging_mixin.py:190} INFO - ‚úì Izmir: 9.6¬∞C
[2025-12-15T20:27:06.440+0000] {logging_mixin.py:190} INFO - ‚úì Istanbul: 5.1¬∞C
[2025-12-15T20:27:06.542+0000] {logging_mixin.py:190} INFO - ‚úì Konya: 1.7¬∞C
[2025-12-15T20:27:06.643+0000] {logging_mixin.py:190} INFO - ‚úì Port Said: 16.0¬∞C
[2025-12-15T20:27:06.745+0000] {logging_mixin.py:190} INFO - ‚úì Mashhad: 3.1¬∞C
[2025-12-15T20:27:06.846+0000] {logging_mixin.py:190} INFO - ‚úì Sharm El Sheikh: 19.1¬∞C
[2025-12-15T20:27:06.948+0000] {logging_mixin.py:190} INFO - ‚úì Qom: 7.7¬∞C
[2025-12-15T20:27:07.049+0000] {logging_mixin.py:190} INFO - ‚úì Shiraz: 4.7¬∞C
[2025-12-15T20:27:07.151+0000] {logging_mixin.py:190} INFO - ‚úì Tehran: 6.5¬∞C
[2025-12-15T20:27:07.252+0000] {logging_mixin.py:190} INFO - ‚úì Tabriz: -0.3¬∞C
[2025-12-15T20:27:07.354+0000] {logging_mixin.py:190} INFO - ‚úì Tel Aviv: 15.0¬∞C
[2025-12-15T20:27:07.456+0000] {logging_mixin.py:190} INFO - ‚úì Suez: 17.1¬∞C
[2025-12-15T20:27:07.558+0000] {logging_mixin.py:190} INFO - 
üíæ Storing 27 actuals to database...
[2025-12-15T20:27:07.579+0000] {base.py:84} INFO - Retrieving connection 'ml_con'
[2025-12-15T20:27:07.607+0000] {logging_mixin.py:190} INFO - üßπ Cleaning old data (keeping last 30 days)...
[2025-12-15T20:27:07.611+0000] {logging_mixin.py:190} INFO - 
======================================================================
[2025-12-15T20:27:07.612+0000] {logging_mixin.py:190} INFO - ‚úÖ Success: 27 cities
[2025-12-15T20:27:07.614+0000] {logging_mixin.py:190} INFO - ‚ùå Failed: 0 cities
[2025-12-15T20:27:07.615+0000] {logging_mixin.py:190} INFO - ======================================================================
[2025-12-15T20:27:07.676+0000] {python.py:240} INFO - Done. Returned value was: None
[2025-12-15T20:27:07.708+0000] {taskinstance.py:340} INFO - ::group::Post task execution logs
[2025-12-15T20:27:07.712+0000] {taskinstance.py:352} INFO - Marking task as SUCCESS. dag_id=weather_actuals_pipeline_v2, task_id=fetch_end_of_day_actuals, run_id=scheduled__2025-12-14T18:00:00+00:00, execution_date=20251214T180000, start_date=20251215T202703, end_date=20251215T202707
[2025-12-15T20:27:07.763+0000] {local_task_job_runner.py:266} INFO - Task exited with return code 0
[2025-12-15T20:27:07.815+0000] {taskinstance.py:3900} INFO - 1 downstream tasks scheduled from follow-on schedule check
[2025-12-15T20:27:07.818+0000] {local_task_job_runner.py:245} INFO - ::endgroup::
[2025-12-15T22:36:34.868+0000] {local_task_job_runner.py:123} INFO - ::group::Pre task execution logs
[2025-12-15T22:36:34.894+0000] {taskinstance.py:2612} INFO - Dependencies all met for dep_context=non-requeueable deps ti=<TaskInstance: weather_actuals_pipeline_v2.fetch_end_of_day_actuals scheduled__2025-12-14T18:00:00+00:00 [queued]>
[2025-12-15T22:36:34.904+0000] {taskinstance.py:2612} INFO - Dependencies all met for dep_context=requeueable deps ti=<TaskInstance: weather_actuals_pipeline_v2.fetch_end_of_day_actuals scheduled__2025-12-14T18:00:00+00:00 [queued]>
[2025-12-15T22:36:34.905+0000] {taskinstance.py:2865} INFO - Starting attempt 1 of 3
[2025-12-15T22:36:34.920+0000] {taskinstance.py:2888} INFO - Executing <Task(PythonOperator): fetch_end_of_day_actuals> on 2025-12-14 18:00:00+00:00
[2025-12-15T22:36:34.928+0000] {standard_task_runner.py:72} INFO - Started process 1435 to run task
[2025-12-15T22:36:34.932+0000] {standard_task_runner.py:104} INFO - Running: ['***', 'tasks', 'run', 'weather_actuals_pipeline_v2', 'fetch_end_of_day_actuals', 'scheduled__2025-12-14T18:00:00+00:00', '--job-id', '16', '--raw', '--subdir', 'DAGS_FOLDER/test_etl.py', '--cfg-path', '/tmp/tmpxes2ff1z']
[2025-12-15T22:36:34.936+0000] {standard_task_runner.py:105} INFO - Job 16: Subtask fetch_end_of_day_actuals
[2025-12-15T22:36:34.961+0000] {logging_mixin.py:190} WARNING - /home/***/.local/lib/python3.10/site-packages/***/settings.py:209 DeprecationWarning: The sql_alchemy_conn option in [core] has been moved to the sql_alchemy_conn option in [database] - the old setting has been used, but please update your config.
[2025-12-15T22:36:35.021+0000] {task_command.py:467} INFO - Running <TaskInstance: weather_actuals_pipeline_v2.fetch_end_of_day_actuals scheduled__2025-12-14T18:00:00+00:00 [running]> on host 6f17979d182d
[2025-12-15T22:36:35.023+0000] {logging_mixin.py:190} WARNING - /home/***/.local/lib/python3.10/site-packages/***/settings.py:470 DeprecationWarning: The sql_alchemy_conn option in [core] has been moved to the sql_alchemy_conn option in [database] - the old setting has been used, but please update your config.
[2025-12-15T22:36:35.138+0000] {taskinstance.py:3131} INFO - Exporting env vars: AIRFLOW_CTX_DAG_OWNER='ahmed_sami' AIRFLOW_CTX_DAG_ID='weather_actuals_pipeline_v2' AIRFLOW_CTX_TASK_ID='fetch_end_of_day_actuals' AIRFLOW_CTX_EXECUTION_DATE='2025-12-14T18:00:00+00:00' AIRFLOW_CTX_TRY_NUMBER='1' AIRFLOW_CTX_DAG_RUN_ID='scheduled__2025-12-14T18:00:00+00:00'
[2025-12-15T22:36:35.141+0000] {taskinstance.py:731} INFO - ::endgroup::
[2025-12-15T22:36:35.165+0000] {logging_mixin.py:190} INFO - ======================================================================
[2025-12-15T22:36:35.166+0000] {logging_mixin.py:190} INFO -                FETCHING END-OF-DAY ACTUAL TEMPERATURES
[2025-12-15T22:36:35.167+0000] {logging_mixin.py:190} INFO - ======================================================================
[2025-12-15T22:36:35.168+0000] {logging_mixin.py:190} INFO - üìÖ Date: 2025-12-15
[2025-12-15T22:36:35.170+0000] {logging_mixin.py:190} INFO - ‚è∞ Time: 22:36:35
[2025-12-15T22:36:35.701+0000] {logging_mixin.py:190} INFO - üìç Cities to fetch: 66
[2025-12-15T22:36:35.870+0000] {logging_mixin.py:190} INFO - ‚úì Abha: 12.1¬∞C
[2025-12-15T22:36:35.974+0000] {logging_mixin.py:190} INFO - ‚úì Adana: 10.0¬∞C
[2025-12-15T22:36:36.075+0000] {logging_mixin.py:190} INFO - ‚úì Aden: 24.5¬∞C
[2025-12-15T22:36:36.178+0000] {logging_mixin.py:190} INFO - ‚úì Abu Dhabi: 23.0¬∞C
[2025-12-15T22:36:36.280+0000] {logging_mixin.py:190} INFO - ‚úì Aleppo: 7.0¬∞C
[2025-12-15T22:36:36.382+0000] {logging_mixin.py:190} INFO - ‚úì Antalya: 11.3¬∞C
[2025-12-15T22:36:36.484+0000] {logging_mixin.py:190} INFO - ‚úì Aswan: 15.6¬∞C
[2025-12-15T22:36:36.585+0000] {logging_mixin.py:190} INFO - ‚úì Baghdad: 8.9¬∞C
[2025-12-15T22:36:36.687+0000] {logging_mixin.py:190} INFO - ‚úì Basra: 7.7¬∞C
[2025-12-15T22:36:36.789+0000] {logging_mixin.py:190} INFO - ‚úì Buraydah: 12.2¬∞C
[2025-12-15T22:36:36.890+0000] {logging_mixin.py:190} INFO - ‚úì Cairo: 15.4¬∞C
[2025-12-15T22:36:36.992+0000] {logging_mixin.py:190} INFO - ‚úì Beirut: 12.4¬∞C
[2025-12-15T22:36:37.093+0000] {logging_mixin.py:190} INFO - ‚úì Dammam: 17.1¬∞C
[2025-12-15T22:36:37.195+0000] {logging_mixin.py:190} INFO - ‚úì Damascus: 8.4¬∞C
[2025-12-15T22:36:37.236+0000] {logging_mixin.py:190} INFO - ‚ùå Taiz: 404 Client Error: Not Found for url: http://api.op
[2025-12-15T22:36:37.254+0000] {logging_mixin.py:190} INFO - ‚ùå Tripoli_LB: 404 Client Error: Not Found for url: http://api.op
[2025-12-15T22:36:37.296+0000] {logging_mixin.py:190} INFO - ‚úì Doha: 24.0¬∞C
[2025-12-15T22:36:37.398+0000] {logging_mixin.py:190} INFO - ‚úì Dubai: 24.0¬∞C
[2025-12-15T22:36:37.499+0000] {logging_mixin.py:190} INFO - ‚úì Erbil: 5.9¬∞C
[2025-12-15T22:36:37.601+0000] {logging_mixin.py:190} INFO - ‚úì East Jerusalem: 10.6¬∞C
[2025-12-15T22:36:37.703+0000] {logging_mixin.py:190} INFO - ‚úì Gaza: 15.6¬∞C
[2025-12-15T22:36:37.805+0000] {logging_mixin.py:190} INFO - ‚úì Gaziantep: 3.0¬∞C
[2025-12-15T22:36:37.906+0000] {logging_mixin.py:190} INFO - ‚úì Giza: 15.4¬∞C
[2025-12-15T22:36:38.008+0000] {logging_mixin.py:190} INFO - ‚úì Haifa: 12.9¬∞C
[2025-12-15T22:36:38.109+0000] {logging_mixin.py:190} INFO - ‚úì Hebron: 9.4¬∞C
[2025-12-15T22:36:38.211+0000] {logging_mixin.py:190} INFO - ‚úì Homs: 8.8¬∞C
[2025-12-15T22:36:38.312+0000] {logging_mixin.py:190} INFO - ‚úì Hurghada: 17.0¬∞C
[2025-12-15T22:36:38.414+0000] {logging_mixin.py:190} INFO - ‚úì Isfahan: 2.8¬∞C
[2025-12-15T22:36:38.516+0000] {logging_mixin.py:190} INFO - ‚úì Ismailia: 13.0¬∞C
[2025-12-15T22:36:38.617+0000] {logging_mixin.py:190} INFO - ‚úì Irbid: 8.3¬∞C
[2025-12-15T22:36:38.719+0000] {logging_mixin.py:190} INFO - ‚úì Istanbul: 5.1¬∞C
[2025-12-15T22:36:38.821+0000] {logging_mixin.py:190} INFO - ‚úì Izmir: 6.3¬∞C
[2025-12-15T22:36:38.923+0000] {logging_mixin.py:190} INFO - ‚úì Jerusalem: 10.4¬∞C
[2025-12-15T22:36:39.025+0000] {logging_mixin.py:190} INFO - ‚úì Jeddah: 21.9¬∞C
[2025-12-15T22:36:39.127+0000] {logging_mixin.py:190} INFO - ‚úì Khobar: 17.1¬∞C
[2025-12-15T22:36:39.228+0000] {logging_mixin.py:190} INFO - ‚úì Konya: 0.7¬∞C
[2025-12-15T22:36:39.330+0000] {logging_mixin.py:190} INFO - ‚úì Kuwait City: 13.8¬∞C
[2025-12-15T22:36:39.432+0000] {logging_mixin.py:190} INFO - ‚úì Latakia: 14.4¬∞C
[2025-12-15T22:36:39.533+0000] {logging_mixin.py:190} INFO - ‚úì Luxor: 17.0¬∞C
[2025-12-15T22:36:39.635+0000] {logging_mixin.py:190} INFO - ‚úì Manama: 20.0¬∞C
[2025-12-15T22:36:39.736+0000] {logging_mixin.py:190} INFO - ‚úì Mashhad: 3.1¬∞C
[2025-12-15T22:36:39.838+0000] {logging_mixin.py:190} INFO - ‚úì Mecca: 21.0¬∞C
[2025-12-15T22:36:39.940+0000] {logging_mixin.py:190} INFO - ‚úì Medina: 15.2¬∞C
[2025-12-15T22:36:40.041+0000] {logging_mixin.py:190} INFO - ‚úì Mosul: 8.7¬∞C
[2025-12-15T22:36:40.143+0000] {logging_mixin.py:190} INFO - ‚úì Alexandria: 17.0¬∞C
[2025-12-15T22:36:40.245+0000] {logging_mixin.py:190} INFO - ‚úì Al Ain: 21.8¬∞C
[2025-12-15T22:36:40.347+0000] {logging_mixin.py:190} INFO - ‚úì Amman: 10.1¬∞C
[2025-12-15T22:36:40.448+0000] {logging_mixin.py:190} INFO - ‚úì Ankara: 2.9¬∞C
[2025-12-15T22:36:40.550+0000] {logging_mixin.py:190} INFO - ‚úì Muscat: 21.3¬∞C
[2025-12-15T22:36:40.652+0000] {logging_mixin.py:190} INFO - ‚úì Nablus: 11.0¬∞C
[2025-12-15T22:36:40.753+0000] {logging_mixin.py:190} INFO - ‚úì Najaf: 7.9¬∞C
[2025-12-15T22:36:40.855+0000] {logging_mixin.py:190} INFO - ‚úì Port Said: 15.0¬∞C
[2025-12-15T22:36:40.957+0000] {logging_mixin.py:190} INFO - ‚úì Qom: 7.0¬∞C
[2025-12-15T22:36:41.058+0000] {logging_mixin.py:190} INFO - ‚úì Riyadh: 12.9¬∞C
[2025-12-15T22:36:41.160+0000] {logging_mixin.py:190} INFO - ‚úì Salalah: 24.1¬∞C
[2025-12-15T22:36:41.262+0000] {logging_mixin.py:190} INFO - ‚úì Sanaa: 12.4¬∞C
[2025-12-15T22:36:41.364+0000] {logging_mixin.py:190} INFO - ‚úì Sharjah: 21.2¬∞C
[2025-12-15T22:36:41.465+0000] {logging_mixin.py:190} INFO - ‚úì Sharm El Sheikh: 19.2¬∞C
[2025-12-15T22:36:41.567+0000] {logging_mixin.py:190} INFO - ‚úì Suez: 14.3¬∞C
[2025-12-15T22:36:41.669+0000] {logging_mixin.py:190} INFO - ‚úì Shiraz: 4.7¬∞C
[2025-12-15T22:36:41.770+0000] {logging_mixin.py:190} INFO - ‚úì Tabriz: 0.7¬∞C
[2025-12-15T22:36:41.872+0000] {logging_mixin.py:190} INFO - ‚úì Tabuk: 22.6¬∞C
[2025-12-15T22:36:41.974+0000] {logging_mixin.py:190} INFO - ‚úì Taif: 10.6¬∞C
[2025-12-15T22:36:42.076+0000] {logging_mixin.py:190} INFO - ‚úì Tehran: 5.4¬∞C
[2025-12-15T22:36:42.178+0000] {logging_mixin.py:190} INFO - ‚úì Tel Aviv: 14.1¬∞C
[2025-12-15T22:36:42.280+0000] {logging_mixin.py:190} INFO - ‚úì Zarqa: 10.9¬∞C
[2025-12-15T22:36:42.583+0000] {logging_mixin.py:190} INFO - 
üíæ Storing 64 actuals to database...
[2025-12-15T22:36:42.601+0000] {base.py:84} INFO - Retrieving connection 'ml_con'
[2025-12-15T22:36:42.643+0000] {logging_mixin.py:190} INFO - üßπ Cleaning old data (keeping last 30 days)...
[2025-12-15T22:36:42.646+0000] {logging_mixin.py:190} INFO - 
======================================================================
[2025-12-15T22:36:42.647+0000] {logging_mixin.py:190} INFO - ‚úÖ Success: 64 cities
[2025-12-15T22:36:42.649+0000] {logging_mixin.py:190} INFO - ‚ùå Failed: 2 cities
[2025-12-15T22:36:42.650+0000] {logging_mixin.py:190} INFO - Failed cities: Taiz, Tripoli_LB
[2025-12-15T22:36:42.651+0000] {logging_mixin.py:190} INFO - ======================================================================
[2025-12-15T22:36:42.698+0000] {python.py:240} INFO - Done. Returned value was: None
[2025-12-15T22:36:42.717+0000] {taskinstance.py:340} INFO - ::group::Post task execution logs
[2025-12-15T22:36:42.718+0000] {taskinstance.py:352} INFO - Marking task as SUCCESS. dag_id=weather_actuals_pipeline_v2, task_id=fetch_end_of_day_actuals, run_id=scheduled__2025-12-14T18:00:00+00:00, execution_date=20251214T180000, start_date=20251215T223634, end_date=20251215T223642
[2025-12-15T22:36:42.754+0000] {local_task_job_runner.py:266} INFO - Task exited with return code 0
[2025-12-15T22:36:42.796+0000] {taskinstance.py:3900} INFO - 1 downstream tasks scheduled from follow-on schedule check
[2025-12-15T22:36:42.799+0000] {local_task_job_runner.py:245} INFO - ::endgroup::
[2025-12-16T14:41:30.370+0000] {local_task_job_runner.py:123} INFO - ::group::Pre task execution logs
[2025-12-16T14:41:30.404+0000] {taskinstance.py:2612} INFO - Dependencies all met for dep_context=non-requeueable deps ti=<TaskInstance: weather_actuals_pipeline_v2.fetch_end_of_day_actuals scheduled__2025-12-14T18:00:00+00:00 [queued]>
[2025-12-16T14:41:30.413+0000] {taskinstance.py:2612} INFO - Dependencies all met for dep_context=requeueable deps ti=<TaskInstance: weather_actuals_pipeline_v2.fetch_end_of_day_actuals scheduled__2025-12-14T18:00:00+00:00 [queued]>
[2025-12-16T14:41:30.414+0000] {taskinstance.py:2865} INFO - Starting attempt 1 of 3
[2025-12-16T14:41:30.427+0000] {taskinstance.py:2888} INFO - Executing <Task(PythonOperator): fetch_end_of_day_actuals> on 2025-12-14 18:00:00+00:00
[2025-12-16T14:41:30.435+0000] {standard_task_runner.py:72} INFO - Started process 15780 to run task
[2025-12-16T14:41:30.439+0000] {standard_task_runner.py:104} INFO - Running: ['***', 'tasks', 'run', 'weather_actuals_pipeline_v2', 'fetch_end_of_day_actuals', 'scheduled__2025-12-14T18:00:00+00:00', '--job-id', '143', '--raw', '--subdir', 'DAGS_FOLDER/test_etl.py', '--cfg-path', '/tmp/tmpu9317uvi']
[2025-12-16T14:41:30.443+0000] {standard_task_runner.py:105} INFO - Job 143: Subtask fetch_end_of_day_actuals
[2025-12-16T14:41:30.469+0000] {logging_mixin.py:190} WARNING - /home/***/.local/lib/python3.10/site-packages/***/settings.py:209 DeprecationWarning: The sql_alchemy_conn option in [core] has been moved to the sql_alchemy_conn option in [database] - the old setting has been used, but please update your config.
[2025-12-16T14:41:30.534+0000] {task_command.py:467} INFO - Running <TaskInstance: weather_actuals_pipeline_v2.fetch_end_of_day_actuals scheduled__2025-12-14T18:00:00+00:00 [running]> on host 15d037495a80
[2025-12-16T14:41:30.537+0000] {logging_mixin.py:190} WARNING - /home/***/.local/lib/python3.10/site-packages/***/settings.py:470 DeprecationWarning: The sql_alchemy_conn option in [core] has been moved to the sql_alchemy_conn option in [database] - the old setting has been used, but please update your config.
[2025-12-16T14:41:30.661+0000] {taskinstance.py:3131} INFO - Exporting env vars: AIRFLOW_CTX_DAG_OWNER='ahmed_sami' AIRFLOW_CTX_DAG_ID='weather_actuals_pipeline_v2' AIRFLOW_CTX_TASK_ID='fetch_end_of_day_actuals' AIRFLOW_CTX_EXECUTION_DATE='2025-12-14T18:00:00+00:00' AIRFLOW_CTX_TRY_NUMBER='1' AIRFLOW_CTX_DAG_RUN_ID='scheduled__2025-12-14T18:00:00+00:00'
[2025-12-16T14:41:30.664+0000] {taskinstance.py:731} INFO - ::endgroup::
[2025-12-16T14:41:30.687+0000] {logging_mixin.py:190} INFO - ======================================================================
[2025-12-16T14:41:30.688+0000] {logging_mixin.py:190} INFO -                FETCHING END-OF-DAY ACTUAL TEMPERATURES
[2025-12-16T14:41:30.689+0000] {logging_mixin.py:190} INFO - ======================================================================
[2025-12-16T14:41:30.690+0000] {logging_mixin.py:190} INFO - ‚è≥ Current UTC time 14:41 < 23:00
[2025-12-16T14:41:30.691+0000] {logging_mixin.py:190} INFO - ‚ùå Not end-of-day yet ‚Äî skipping actuals fetch
[2025-12-16T14:41:30.692+0000] {logging_mixin.py:190} INFO - ======================================================================
[2025-12-16T14:41:30.693+0000] {python.py:240} INFO - Done. Returned value was: None
[2025-12-16T14:41:30.712+0000] {taskinstance.py:340} INFO - ::group::Post task execution logs
[2025-12-16T14:41:30.713+0000] {taskinstance.py:352} INFO - Marking task as SUCCESS. dag_id=weather_actuals_pipeline_v2, task_id=fetch_end_of_day_actuals, run_id=scheduled__2025-12-14T18:00:00+00:00, execution_date=20251214T180000, start_date=20251216T144130, end_date=20251216T144130
[2025-12-16T14:41:30.733+0000] {local_task_job_runner.py:266} INFO - Task exited with return code 0
[2025-12-16T14:41:30.767+0000] {taskinstance.py:3900} INFO - 1 downstream tasks scheduled from follow-on schedule check
[2025-12-16T14:41:30.769+0000] {local_task_job_runner.py:245} INFO - ::endgroup::
